0 info it worked if it ends with ok
1 verbose cli [ 'D:\\Dev\\nodejs\\\\node.exe',
1 verbose cli   'D:\\Dev\\nodejs\\node_modules\\npm\\bin\\npm-cli.js',
1 verbose cli   'install' ]
2 info using npm@1.3.11
3 info using node@v0.10.21
4 verbose node symlink D:\Dev\nodejs\\node.exe
5 verbose readDependencies using package.json deps
6 verbose install where, deps [ 'D:\\SONU_WKSPC\\nodejs\\dockerManager_project\\dockerManager',
6 verbose install   [ 'express',
6 verbose install     'ejs',
6 verbose install     'less-middleware',
6 verbose install     'ping',
6 verbose install     'redis',
6 verbose install     'winston',
6 verbose install     'async',
6 verbose install     'follow-redirects',
6 verbose install     'socket-io' ] ]
7 info preinstall application-name@0.0.1
8 verbose readDependencies using package.json deps
9 verbose already installed skipping express@3.4.4 D:\SONU_WKSPC\nodejs\dockerManager_project\dockerManager
10 verbose already installed skipping ejs@* D:\SONU_WKSPC\nodejs\dockerManager_project\dockerManager
11 verbose already installed skipping less-middleware@* D:\SONU_WKSPC\nodejs\dockerManager_project\dockerManager
12 verbose already installed skipping ping@0.1.6 D:\SONU_WKSPC\nodejs\dockerManager_project\dockerManager
13 verbose already installed skipping redis@0.9.0 D:\SONU_WKSPC\nodejs\dockerManager_project\dockerManager
14 verbose already installed skipping winston@0.7.2 D:\SONU_WKSPC\nodejs\dockerManager_project\dockerManager
15 verbose already installed skipping async@0.2.9 D:\SONU_WKSPC\nodejs\dockerManager_project\dockerManager
16 verbose already installed skipping follow-redirects@0.0.3 D:\SONU_WKSPC\nodejs\dockerManager_project\dockerManager
17 verbose cache add [ 'socket-io@0.9.16', null ]
18 verbose cache add name=undefined spec="socket-io@0.9.16" args=["socket-io@0.9.16",null]
19 verbose parsed url { protocol: null,
19 verbose parsed url   slashes: null,
19 verbose parsed url   auth: null,
19 verbose parsed url   host: null,
19 verbose parsed url   port: null,
19 verbose parsed url   hostname: null,
19 verbose parsed url   hash: null,
19 verbose parsed url   search: null,
19 verbose parsed url   query: null,
19 verbose parsed url   pathname: 'socket-io@0.9.16',
19 verbose parsed url   path: 'socket-io@0.9.16',
19 verbose parsed url   href: 'socket-io@0.9.16' }
20 verbose cache add name="socket-io" spec="0.9.16" args=["socket-io","0.9.16"]
21 verbose parsed url { protocol: null,
21 verbose parsed url   slashes: null,
21 verbose parsed url   auth: null,
21 verbose parsed url   host: null,
21 verbose parsed url   port: null,
21 verbose parsed url   hostname: null,
21 verbose parsed url   hash: null,
21 verbose parsed url   search: null,
21 verbose parsed url   query: null,
21 verbose parsed url   pathname: '0.9.16',
21 verbose parsed url   path: '0.9.16',
21 verbose parsed url   href: '0.9.16' }
22 verbose addNamed [ 'socket-io', '0.9.16' ]
23 verbose addNamed [ '0.9.16', '0.9.16' ]
24 silly lockFile e115502d-socket-io-0-9-16 socket-io@0.9.16
25 verbose lock socket-io@0.9.16 C:\Documents and Settings\sonu\Application Data\npm-cache\e115502d-socket-io-0-9-16.lock
26 verbose url raw socket-io/0.9.16
27 verbose url resolving [ 'https://registry.npmjs.org/', './socket-io/0.9.16' ]
28 verbose url resolved https://registry.npmjs.org/socket-io/0.9.16
29 info trying registry request attempt 1 at 06:39:09
30 http GET https://registry.npmjs.org/socket-io/0.9.16
31 http 404 https://registry.npmjs.org/socket-io/0.9.16
32 silly registry.get cb [ 404,
32 silly registry.get   { server: 'CouchDB/1.5.0 (Erlang OTP/R15B03)',
32 silly registry.get     date: 'Mon, 09 Dec 2013 01:11:02 GMT',
32 silly registry.get     'content-type': 'application/json',
32 silly registry.get     'content-length': '52',
32 silly registry.get     'cache-control': 'must-revalidate' } ]
33 silly lockFile e115502d-socket-io-0-9-16 socket-io@0.9.16
34 silly lockFile e115502d-socket-io-0-9-16 socket-io@0.9.16
35 error 404 'socket-io' is not in the npm registry.
35 error 404 You should bug the author to publish it
35 error 404
35 error 404 Note that you can also install from a
35 error 404 tarball, folder, or http url, or git url.
36 error System Windows_NT 5.1.2600
37 error command "D:\\Dev\\nodejs\\\\node.exe" "D:\\Dev\\nodejs\\node_modules\\npm\\bin\\npm-cli.js" "install"
38 error cwd D:\SONU_WKSPC\nodejs\dockerManager_project\dockerManager
39 error node -v v0.10.21
40 error npm -v 1.3.11
41 error code E404
42 verbose exit [ 1, true ]
